<?xml version="1.0" encoding="UTF-8"?>
<!-- Generated by org.testng.reporters.JUnitReportReporter -->
<testsuite skipped="0" hostname="LAPTOP-LNANISS4" name="Automation.Selenium.Login" tests="1" failures="0" timestamp="02 Dec 2020 14:50:35 GMT" time="0.050" errors="0">
  <testcase name="test" time="0.050" classname="Automation.Selenium.Login"/>
</testsuite> <!-- Automation.Selenium.Login -->
